<?xml version="1.0" encoding="UTF-8"?>
<testng-results ignored="0" total="1" passed="1" failed="0" skipped="0">
  <reporter-output>
  </reporter-output>
  <suite started-at="2022-12-28T17:02:52 IST" name="Suite" finished-at="2022-12-28T17:02:52 IST" duration-ms="52">
    <groups>
    </groups>
    <test started-at="2022-12-28T17:02:52 IST" name="Test" finished-at="2022-12-28T17:02:52 IST" duration-ms="52">
      <class name="com.azure.demo1.Test1">
        <test-method signature="start()[pri:0, instance:com.azure.demo1.Test1@1c93084c]" started-at="2022-12-28T17:02:52 IST" name="start" finished-at="2022-12-28T17:02:52 IST" duration-ms="4" status="PASS">
          <reporter-output>
          </reporter-output>
        </test-method> <!-- start -->
      </class> <!-- com.azure.demo1.Test1 -->
    </test> <!-- Test -->
  </suite> <!-- Suite -->
</testng-results>
