<?xml version="1.0" encoding="UTF-8"?>
<testng-results ignored="0" total="1" passed="1" failed="0" skipped="0">
  <reporter-output>
  </reporter-output>
  <suite started-at="2022-12-28T17:13:57 IST" name="Suite" finished-at="2022-12-28T17:14:21 IST" duration-ms="24817">
    <groups>
    </groups>
    <test started-at="2022-12-28T17:13:57 IST" name="Test" finished-at="2022-12-28T17:14:21 IST" duration-ms="24817">
      <class name="com.azure.demo1.Test1">
        <test-method is-config="true" signature="setup()[pri:0, instance:com.azure.demo1.Test1@3d680b5a]" started-at="2022-12-28T17:13:57 IST" name="setup" finished-at="2022-12-28T17:14:12 IST" duration-ms="15442" status="PASS">
          <reporter-output>
          </reporter-output>
        </test-method> <!-- setup -->
        <test-method signature="login()[pri:0, instance:com.azure.demo1.Test1@3d680b5a]" started-at="2022-12-28T17:14:12 IST" name="login" finished-at="2022-12-28T17:14:15 IST" duration-ms="3196" status="PASS">
          <reporter-output>
          </reporter-output>
        </test-method> <!-- login -->
        <test-method is-config="true" signature="teardown()[pri:0, instance:com.azure.demo1.Test1@3d680b5a]" started-at="2022-12-28T17:14:15 IST" name="teardown" finished-at="2022-12-28T17:14:21 IST" duration-ms="6121" status="PASS">
          <reporter-output>
          </reporter-output>
        </test-method> <!-- teardown -->
      </class> <!-- com.azure.demo1.Test1 -->
    </test> <!-- Test -->
  </suite> <!-- Suite -->
</testng-results>
