<?xml version="1.0" encoding="UTF-8"?>
<testng-results ignored="0" total="2" passed="2" failed="0" skipped="0">
  <reporter-output>
  </reporter-output>
  <suite started-at="2022-12-30T16:37:44 IST" name="Suite" finished-at="2022-12-30T16:38:00 IST" duration-ms="15316">
    <groups>
    </groups>
    <test started-at="2022-12-30T16:37:44 IST" name="Test" finished-at="2022-12-30T16:38:00 IST" duration-ms="15316">
      <class name="com.azure.Tests.HomePageTest">
        <test-method is-config="true" signature="preconfig()[pri:0, instance:com.azure.Tests.HomePageTest@61861a29]" started-at="2022-12-30T16:37:55 IST" name="preconfig" finished-at="2022-12-30T16:37:58 IST" duration-ms="3036" status="PASS">
          <reporter-output>
          </reporter-output>
        </test-method> <!-- preconfig -->
        <test-method signature="CheckProductaddedToCard()[pri:0, instance:com.azure.Tests.HomePageTest@61861a29]" started-at="2022-12-30T16:37:58 IST" name="CheckProductaddedToCard" finished-at="2022-12-30T16:37:59 IST" duration-ms="991" status="PASS">
          <reporter-output>
          </reporter-output>
        </test-method> <!-- CheckProductaddedToCard -->
        <test-method is-config="true" signature="tearDown()[pri:0, instance:com.azure.Tests.HomePageTest@61861a29]" started-at="2022-12-30T16:37:59 IST" name="tearDown" finished-at="2022-12-30T16:38:00 IST" duration-ms="268" status="PASS">
          <reporter-output>
          </reporter-output>
        </test-method> <!-- tearDown -->
      </class> <!-- com.azure.Tests.HomePageTest -->
      <class name="com.azure.Tests.LoginPageTest">
        <test-method is-config="true" signature="preconfig()[pri:0, instance:com.azure.Tests.LoginPageTest@35fe2125]" started-at="2022-12-30T16:37:44 IST" name="preconfig" finished-at="2022-12-30T16:37:50 IST" duration-ms="5197" status="PASS">
          <reporter-output>
          </reporter-output>
        </test-method> <!-- preconfig -->
        <test-method signature="Login()[pri:0, instance:com.azure.Tests.LoginPageTest@35fe2125]" started-at="2022-12-30T16:37:50 IST" name="Login" finished-at="2022-12-30T16:37:50 IST" duration-ms="553" status="PASS">
          <reporter-output>
          </reporter-output>
        </test-method> <!-- Login -->
        <test-method is-config="true" signature="teardown()[pri:0, instance:com.azure.Tests.LoginPageTest@35fe2125]" started-at="2022-12-30T16:37:50 IST" name="teardown" finished-at="2022-12-30T16:37:55 IST" duration-ms="5213" status="PASS">
          <reporter-output>
          </reporter-output>
        </test-method> <!-- teardown -->
      </class> <!-- com.azure.Tests.LoginPageTest -->
    </test> <!-- Test -->
  </suite> <!-- Suite -->
</testng-results>
